<?xml version="1.0" encoding="UTF-8"?>
<!-- Generated by org.testng.reporters.JUnitReportReporter -->
<testsuite hostname="LAPTOP-BG6GTRE3" failures="0" tests="3" name="tests.LoginTest" time="90.182" errors="0" timestamp="2025-03-16T14:44:04 EET" skipped="0">
  <testcase classname="tests.LoginTest" name="testLogin" time="43.100"/>
  <system-out/>
  <testcase classname="tests.LoginTest" name="testLogin" time="20.034"/>
  <system-out/>
  <testcase classname="tests.LoginTest" name="testLogin" time="27.048"/>
  <system-out/>
</testsuite> <!-- tests.LoginTest -->
